# JRE version: Java(TM) SE Runtime Environment (17.0.8+9) (build 17.0.8+9-LTS-211)
# Java VM: Java HotSpot(TM) 64-Bit Server VM (17.0.8+9-LTS-211, mixed mode, sharing, tiered, compressed oops, compressed class ptrs, g1 gc, windows-amd64)
GC Precious Log:
 CPUs: 8 total, 8 available
 Memory: 7975M
 Large Page Support: Disabled
 NUMA Support: Disabled
 Compressed Oops: Enabled (32-bit)
 Heap Region Size: 1M
 Heap Min Capacity: 8M
 Heap Initial Capacity: 126M
 Heap Max Capacity: 1994M
 Pre-touch: Disabled
 Parallel Workers: 8
 Concurrent Workers: 2
 Concurrent Refinement Workers: 8
 Periodic GC: Disabled
Heap:
 garbage-first heap   total 129024K, used 73728K [0x0000000083600000, 0x0000000100000000)
  region size 1024K, 74 young (75776K), 5 survivors (5120K)
 Metaspace       used 1324K, committed 1472K, reserved 1114112K
  class space    used 74K, committed 128K, reserved 1048576K
GC Heap History (6 events):
Event: 18.770 GC heap before
{Heap before GC invocations=0 (full 0):
 garbage-first heap   total 129024K, used 23552K [0x0000000083600000, 0x0000000100000000)
  region size 1024K, 23 young (23552K), 0 survivors (0K)
 Metaspace       used 1288K, committed 1408K, reserved 1114112K
  class space    used 74K, committed 128K, reserved 1048576K
}
Event: 18.772 GC heap after
{Heap after GC invocations=1 (full 0):
 garbage-first heap   total 129024K, used 2047K [0x0000000083600000, 0x0000000100000000)
  region size 1024K, 2 young (2048K), 2 survivors (2048K)
 Metaspace       used 1288K, committed 1408K, reserved 1114112K
  class space    used 74K, committed 128K, reserved 1048576K
}
Event: 18.816 GC heap before
{Heap before GC invocations=1 (full 0):
 garbage-first heap   total 129024K, used 38911K [0x0000000083600000, 0x0000000100000000)
  region size 1024K, 38 young (38912K), 2 survivors (2048K)
 Metaspace       used 1315K, committed 1472K, reserved 1114112K
  class space    used 74K, committed 128K, reserved 1048576K
}
Event: 18.820 GC heap after
{Heap after GC invocations=2 (full 0):
 garbage-first heap   total 129024K, used 3035K [0x0000000083600000, 0x0000000100000000)
  region size 1024K, 3 young (3072K), 3 survivors (3072K)
 Metaspace       used 1315K, committed 1472K, reserved 1114112K
  class space    used 74K, committed 128K, reserved 1048576K
}
Event: 18.893 GC heap before
{Heap before GC invocations=2 (full 0):
 garbage-first heap   total 129024K, used 76763K [0x0000000083600000, 0x0000000100000000)
  region size 1024K, 75 young (76800K), 3 survivors (3072K)
 Metaspace       used 1324K, committed 1472K, reserved 1114112K
  class space    used 74K, committed 128K, reserved 1048576K
}
Event: 18.899 GC heap after
{Heap after GC invocations=3 (full 0):
 garbage-first heap   total 129024K, used 5120K [0x0000000083600000, 0x0000000100000000)
  region size 1024K, 5 young (5120K), 5 survivors (5120K)
 Metaspace       used 1324K, committed 1472K, reserved 1114112K
  class space    used 74K, committed 128K, reserved 1048576K
}

